<?xml version="1.0" encoding="UTF-8"?>
<testng-results skipped="0" failed="0" ignored="0" total="1" passed="1">
  <reporter-output>
  </reporter-output>
  <suite name="Suite" duration-ms="80" started-at="2018-08-08T03:15:43Z" finished-at="2018-08-08T03:15:43Z">
    <groups>
    </groups>
    <test name="Test" duration-ms="80" started-at="2018-08-08T03:15:43Z" finished-at="2018-08-08T03:15:43Z">
      <class name="pages.TC001_CreateLead">
        <test-method status="PASS" signature="setValues()[pri:0, instance:pages.TC001_CreateLead@ebc39e]" name="setValues" duration-ms="18" started-at="2018-08-08T03:15:43Z" finished-at="2018-08-08T03:15:43Z">
          <reporter-output>
          </reporter-output>
        </test-method> <!-- setValues -->
      </class> <!-- pages.TC001_CreateLead -->
    </test> <!-- Test -->
  </suite> <!-- Suite -->
</testng-results>
